<?xml version="1.0" encoding="UTF-8"?>
<!-- Generated by org.testng.reporters.JUnitReportReporter -->
<testsuite hostname="Avikdey-Laptop" failures="0" tests="1" name="TestCases.TC_EditExpenseSubmissionEntry" time="46.298" errors="0" timestamp="2023-11-08T18:16:56 IST" skipped="0">
  <testcase classname="TestCases.TC_EditExpenseSubmissionEntry" name="ExpenseSubmissionsPage" time="46.298"/>
  <system-out/>
</testsuite> <!-- TestCases.TC_EditExpenseSubmissionEntry -->
