<?xml version="1.0" encoding="UTF-8"?>
<!-- Generated by org.testng.reporters.JUnitReportReporter -->
<testsuite hostname="Avikdey-Laptop" failures="0" tests="1" name="TestCases.TC_Add_Edit_Print_Delete_OpeningSupplierPayment" time="135.034" errors="0" timestamp="2023-08-09T10:52:29 IST" skipped="0">
  <testcase classname="TestCases.TC_Add_Edit_Print_Delete_OpeningSupplierPayment" name="Add_Edit_Print_Delete_OpeningSupplierPayment" time="135.034"/>
  <system-out/>
</testsuite> <!-- TestCases.TC_Add_Edit_Print_Delete_OpeningSupplierPayment -->
