<?xml version="1.0" encoding="UTF-8"?>
<!-- Generated by org.testng.reporters.JUnitReportReporter -->
<testsuite hostname="Avikdey-Laptop" failures="0" tests="1" name="TestCases.TC_Delete_OpeningCustomerInvoice" time="51.924" errors="0" timestamp="2023-02-27T17:46:18 IST" skipped="0">
  <testcase classname="TestCases.TC_Delete_OpeningCustomerInvoice" name="Business_Search" time="51.924"/>
  <system-out/>
</testsuite> <!-- TestCases.TC_Delete_OpeningCustomerInvoice -->
