<?xml version="1.0" encoding="UTF-8"?>
<!-- Generated by org.testng.reporters.JUnitReportReporter -->
<testsuite hostname="Avikdey-Laptop" failures="0" tests="1" name="PageObjects_ReusableMethods.Add_Edit_Delete_Expense" time="190.623" errors="0" timestamp="2024-04-17T16:40:40 IST" skipped="0">
  <testcase classname="PageObjects_ReusableMethods.Add_Edit_Delete_Expense" name="AddEditDeleteExpense" time="190.623"/>
  <system-out/>
</testsuite> <!-- PageObjects_ReusableMethods.Add_Edit_Delete_Expense -->
