<?xml version="1.0" encoding="UTF-8"?>
<!-- Generated by org.testng.reporters.JUnitReportReporter -->
<testsuite hostname="Avikdey-Laptop" failures="0" tests="1" name="TestCases.TC_BankFeedRecordImport" time="33.872" errors="0" timestamp="2023-05-09T12:00:10 IST" skipped="0">
  <testcase classname="TestCases.TC_BankFeedRecordImport" name="BankFeedRecordImportt" time="33.872"/>
  <system-out/>
</testsuite> <!-- TestCases.TC_BankFeedRecordImport -->
