<?xml version="1.0" encoding="UTF-8"?>
<!-- Generated by org.testng.reporters.JUnitReportReporter -->
<testsuite hostname="Avikdey-Laptop" failures="0" tests="1" name="TestCases.TC_AddExpense_SBE_PositiveValue" time="107.424" errors="0" timestamp="2024-05-15T16:53:42 IST" skipped="0">
  <testcase classname="TestCases.TC_AddExpense_SBE_PositiveValue" name="AddExpense_SmallBenefitsExemption_PositiveValue" time="107.424"/>
  <system-out/>
</testsuite> <!-- TestCases.TC_AddExpense_SBE_PositiveValue -->
