<?xml version="1.0" encoding="UTF-8"?>
<!-- Generated by org.testng.reporters.JUnitReportReporter -->
<testsuite hostname="Avikdey-Laptop" failures="0" tests="1" name="PageObjects_ReusableMethods.AddExpense_TravelVouched_PositiveValue" time="149.171" errors="0" timestamp="2024-05-17T11:49:05 IST" skipped="0">
  <testcase classname="PageObjects_ReusableMethods.AddExpense_TravelVouched_PositiveValue" name="AddExpenseTravelVouchedPositiveValue" time="149.171"/>
  <system-out/>
</testsuite> <!-- PageObjects_ReusableMethods.AddExpense_TravelVouched_PositiveValue -->
