<?xml version="1.0" encoding="UTF-8"?>
<!-- Generated by org.testng.reporters.JUnitReportReporter -->
<testsuite hostname="Debashis-Laptop" failures="0" tests="1" name="Framework.FirstFrame.Login" time="11.152" errors="0" timestamp="2023-01-27T17:14:03 IST" skipped="0">
  <testcase classname="Framework.FirstFrame.Login" name="login_username" time="11.152"/>
  <system-out/>
</testsuite> <!-- Framework.FirstFrame.Login -->
