<?xml version="1.0" encoding="UTF-8"?>
<!-- Generated by org.testng.reporters.JUnitReportReporter -->
<testsuite hostname="Avikdey-Laptop" failures="0" tests="1" name="TestCases.TC_AddEditDeleteExpense" time="92.202" errors="0" timestamp="2023-11-17T10:36:19 IST" skipped="0">
  <testcase classname="TestCases.TC_AddEditDeleteExpense" name="ExpensesPage" time="92.202"/>
  <system-out/>
</testsuite> <!-- TestCases.TC_AddEditDeleteExpense -->
