<?xml version="1.0" encoding="UTF-8"?>
<!-- Generated by org.testng.reporters.JUnitReportReporter -->
<testsuite hostname="Avikdey-Laptop" failures="0" tests="1" name="PageObjects_ReusableMethods.ExpensePageHeaderExtraction" time="49.873" errors="0" timestamp="2023-11-23T17:56:29 IST" skipped="0">
  <testcase classname="PageObjects_ReusableMethods.ExpensePageHeaderExtraction" name="extraction" time="49.873"/>
  <system-out/>
</testsuite> <!-- PageObjects_ReusableMethods.ExpensePageHeaderExtraction -->
