<?xml version="1.0" encoding="UTF-8"?>
<!-- Generated by org.testng.reporters.JUnitReportReporter -->
<testsuite hostname="Avikdey-Laptop" failures="0" tests="1" name="TestCases.TC_BusinessAddThroughDDForSoleTrader" time="44.018" errors="0" timestamp="2023-02-26T19:04:58 IST" skipped="0">
  <testcase classname="TestCases.TC_BusinessAddThroughDDForSoleTrader" name="Business_AddThroughDDForSoleTrader" time="44.018"/>
  <system-out/>
</testsuite> <!-- TestCases.TC_BusinessAddThroughDDForSoleTrader -->
