<?xml version="1.0" encoding="UTF-8"?>
<!-- Generated by org.testng.reporters.JUnitReportReporter -->
<testsuite hostname="Avikdey-Laptop" failures="0" tests="1" name="PageObjects_ReusableMethods.NotificationBellIcon" time="29.834" errors="0" timestamp="2024-02-08T17:20:00 IST" skipped="0">
  <testcase classname="PageObjects_ReusableMethods.NotificationBellIcon" name="NotificationBellIconCheck" time="29.834"/>
  <system-out/>
</testsuite> <!-- PageObjects_ReusableMethods.NotificationBellIcon -->
