<?xml version="1.0" encoding="UTF-8"?>
<!-- Generated by org.testng.reporters.JUnitReportReporter -->
<testsuite hostname="Avikdey-Laptop" failures="0" tests="1" name="TestCases.TC_AddExpense_TravelVouched_PositiveValue" time="114.390" errors="0" timestamp="2024-05-17T14:11:12 IST" skipped="0">
  <testcase classname="TestCases.TC_AddExpense_TravelVouched_PositiveValue" name="AddExpense_TravelVouched_positivevalue" time="114.390"/>
  <system-out/>
</testsuite> <!-- TestCases.TC_AddExpense_TravelVouched_PositiveValue -->
