<?xml version="1.0" encoding="UTF-8"?>
<!-- Generated by org.testng.reporters.JUnitReportReporter -->
<testsuite hostname="Avikdey-Laptop" failures="0" tests="1" name="TestCases.TC_AddExpense_SiteBasedEmployees_PositiveValue" time="114.812" errors="0" timestamp="2024-05-15T15:25:36 IST" skipped="0">
  <testcase classname="TestCases.TC_AddExpense_SiteBasedEmployees_PositiveValue" name="AddExpense_SiteBasedEmployees_PositiveValue" time="114.812"/>
  <system-out/>
</testsuite> <!-- TestCases.TC_AddExpense_SiteBasedEmployees_PositiveValue -->
