<?xml version="1.0" encoding="UTF-8"?>
<!-- Generated by org.testng.reporters.JUnitReportReporter -->
<testsuite hostname="Avikdey-Laptop" failures="0" tests="1" name="PageObjects_ReusableMethods.ERRReport" time="42.718" errors="0" timestamp="2024-06-10T14:12:05 IST" skipped="0">
  <testcase classname="PageObjects_ReusableMethods.ERRReport" name="ERRReportCheck" time="42.718"/>
  <system-out/>
</testsuite> <!-- PageObjects_ReusableMethods.ERRReport -->
