<?xml version="1.0" encoding="UTF-8"?>
<!-- Generated by org.testng.reporters.JUnitReportReporter -->
<testsuite hostname="Avikdey-Laptop" failures="0" tests="1" name="TestCases.TC_AddBusiness" time="34.390" errors="0" timestamp="2023-02-01T14:28:08 IST" skipped="0">
  <testcase classname="TestCases.TC_AddBusiness" name="Business_Add" time="34.390"/>
  <system-out/>
</testsuite> <!-- TestCases.TC_AddBusiness -->
