<?xml version="1.0" encoding="UTF-8"?>
<!-- Generated by org.testng.reporters.JUnitReportReporter -->
<testsuite hostname="Avikdey-Laptop" failures="0" tests="1" name="TestCases.TC_BankFeedInlineMenuPrint" time="38.867" errors="0" timestamp="2023-07-12T12:21:09 IST" skipped="0">
  <testcase classname="TestCases.TC_BankFeedInlineMenuPrint" name="BankFeedInlineMenuPrintt" time="38.867"/>
  <system-out/>
</testsuite> <!-- TestCases.TC_BankFeedInlineMenuPrint -->
