<?xml version="1.0" encoding="UTF-8"?>
<!-- Generated by org.testng.reporters.JUnitReportReporter -->
<testsuite hostname="Avikdey-Laptop" failures="0" tests="1" name="TestCases.TC_AddExpense_SubsistenceVouched_NegativeValue" time="116.765" errors="0" timestamp="2024-05-16T17:49:52 IST" skipped="0">
  <testcase classname="TestCases.TC_AddExpense_SubsistenceVouched_NegativeValue" name="AddExpense_SubsistenceVouched_NegativeValue" time="116.765"/>
  <system-out/>
</testsuite> <!-- TestCases.TC_AddExpense_SubsistenceVouched_NegativeValue -->
