<?xml version="1.0" encoding="UTF-8"?>
<!-- Generated by org.testng.reporters.JUnitReportReporter -->
<testsuite hostname="Avikdey-Laptop" failures="0" tests="1" name="TestCases.TC_SignOut" time="31.477" errors="0" timestamp="2024-07-26T17:24:27 IST" skipped="0">
  <testcase classname="TestCases.TC_SignOut" name="SignOut" time="31.477"/>
  <system-out/>
</testsuite> <!-- TestCases.TC_SignOut -->
