<?xml version="1.0" encoding="UTF-8"?>
<!-- Generated by org.testng.reporters.JUnitReportReporter -->
<testsuite hostname="Avikdey-Laptop" failures="0" tests="1" name="TestCases.TC_NotificationBellIcon" time="37.567" errors="0" timestamp="2024-06-11T16:32:15 IST" skipped="0">
  <testcase classname="TestCases.TC_NotificationBellIcon" name="NotificationBellIconCheck" time="37.567"/>
  <system-out/>
</testsuite> <!-- TestCases.TC_NotificationBellIcon -->
