<?xml version="1.0" encoding="UTF-8"?>
<!-- Generated by org.testng.reporters.JUnitReportReporter -->
<testsuite hostname="Avikdey-Laptop" failures="0" tests="1" name="TestCases.TC_Add_Edit_Print_Delete_OpeningCustomerInvoice" time="97.669" errors="0" timestamp="2023-08-09T10:28:22 IST" skipped="0">
  <testcase classname="TestCases.TC_Add_Edit_Print_Delete_OpeningCustomerInvoice" name="Add_Edit_Print_Delete_OpeningCustomerInvoiceh" time="97.669"/>
  <system-out/>
</testsuite> <!-- TestCases.TC_Add_Edit_Print_Delete_OpeningCustomerInvoice -->
