<?xml version="1.0" encoding="UTF-8"?>
<!-- Generated by org.testng.reporters.JUnitReportReporter -->
<testsuite hostname="Avikdey-Laptop" failures="0" tests="1" name="TestCases.TC_Add_OpeningCustomerInvoice" time="56.254" errors="0" timestamp="2023-03-02T11:27:56 IST" skipped="0">
  <testcase classname="TestCases.TC_Add_OpeningCustomerInvoice" name="Business_Search" time="56.254"/>
  <system-out/>
</testsuite> <!-- TestCases.TC_Add_OpeningCustomerInvoice -->
