<?xml version="1.0" encoding="UTF-8"?>
<!-- Generated by org.testng.reporters.JUnitReportReporter -->
<testsuite hostname="Debasish-Laptop" failures="0" tests="1" name="TestCases.TC_AddExpense_SubsistenceVouched_PositiveValue" time="114.489" errors="0" timestamp="2024-07-26T11:27:26 IST" skipped="0">
  <testcase classname="TestCases.TC_AddExpense_SubsistenceVouched_PositiveValue" name="AddExpense_SubsistenceVouched_PositiveValue" time="114.489"/>
</testsuite> <!-- TestCases.TC_AddExpense_SubsistenceVouched_PositiveValue -->
