<?xml version="1.0" encoding="UTF-8"?>
<!-- Generated by org.testng.reporters.JUnitReportReporter -->
<testsuite hostname="Avikdey-Laptop" failures="0" tests="1" name="TestCases.TC_EditExpense" time="90.971" errors="0" timestamp="2023-11-17T10:13:15 IST" skipped="0">
  <testcase classname="TestCases.TC_EditExpense" name="ExpensesPage" time="90.971"/>
  <system-out/>
</testsuite> <!-- TestCases.TC_EditExpense -->
