<?xml version="1.0" encoding="UTF-8"?>
<!-- Generated by org.testng.reporters.JUnitReportReporter -->
<testsuite hostname="Avikdey-Laptop" failures="0" tests="1" name="TestCases.TC002_BSearch" time="23.980" errors="0" timestamp="2023-08-09T16:11:50 IST" skipped="0">
  <testcase classname="TestCases.TC002_BSearch" name="Business_Search" time="23.980"/>
  <system-out/>
</testsuite> <!-- TestCases.TC002_BSearch -->
