<?xml version="1.0" encoding="UTF-8"?>
<!-- Generated by org.testng.reporters.JUnitReportReporter -->
<testsuite hostname="Debasish-Laptop" failures="0" tests="1" name="TestCases.TC_ERRReport" time="43.685" errors="0" timestamp="2024-07-26T11:28:29 IST" skipped="0">
  <testcase classname="TestCases.TC_ERRReport" name="ERRReportCheck" time="43.685"/>
</testsuite> <!-- TestCases.TC_ERRReport -->
