<?xml version="1.0" encoding="UTF-8"?>
<!-- Generated by org.testng.reporters.JUnitReportReporter -->
<testsuite hostname="Avikdey-Laptop" failures="0" tests="1" name="TestCases.TC_AddExpense_TravelVouched_ZeroValue" time="123.907" errors="0" timestamp="2024-05-17T14:13:30 IST" skipped="0">
  <testcase classname="TestCases.TC_AddExpense_TravelVouched_ZeroValue" name="AddExpense_TravelVouched_ZeroValue" time="123.907"/>
  <system-out/>
</testsuite> <!-- TestCases.TC_AddExpense_TravelVouched_ZeroValue -->
