<?xml version="1.0" encoding="UTF-8"?>
<!-- Generated by org.testng.reporters.JUnitReportReporter -->
<testsuite hostname="Avikdey-Laptop" failures="0" tests="1" name="TestCases.TC_Edit_OpeningCustomerInvoice" time="72.218" errors="0" timestamp="2023-02-27T17:44:43 IST" skipped="0">
  <testcase classname="TestCases.TC_Edit_OpeningCustomerInvoice" name="Business_Search" time="72.218"/>
  <system-out/>
</testsuite> <!-- TestCases.TC_Edit_OpeningCustomerInvoice -->
