<?xml version="1.0" encoding="UTF-8"?>
<!-- Generated by org.testng.reporters.JUnitReportReporter -->
<testsuite hostname="Avikdey-Laptop" failures="0" tests="1" name="TestCases.TC_AddExpense_SubsistenceUnvouched_NegativeValue" time="111.578" errors="0" timestamp="2024-05-16T11:31:02 IST" skipped="0">
  <testcase classname="TestCases.TC_AddExpense_SubsistenceUnvouched_NegativeValue" name="AddExpense_SubsistenceUnvouched_NegativeValue" time="111.578"/>
  <system-out/>
</testsuite> <!-- TestCases.TC_AddExpense_SubsistenceUnvouched_NegativeValue -->
