<?xml version="1.0" encoding="UTF-8"?>
<!-- Generated by org.testng.reporters.JUnitReportReporter -->
<testsuite hostname="Avikdey-Laptop" failures="0" tests="1" name="TestCases.TC_Add_OpeningCustomerReceipt" time="65.981" errors="0" timestamp="2023-02-27T17:50:51 IST" skipped="0">
  <testcase classname="TestCases.TC_Add_OpeningCustomerReceipt" name="Business_Search" time="65.981"/>
  <system-out/>
</testsuite> <!-- TestCases.TC_Add_OpeningCustomerReceipt -->
