<?xml version="1.0" encoding="UTF-8"?>
<!-- Generated by org.testng.reporters.JUnitReportReporter -->
<testsuite hostname="Avikdey-Laptop" failures="0" tests="1" name="PageObjects_ReusableMethods.Resubmit_On_Add_New_Expense" time="84.118" errors="0" timestamp="2024-02-02T16:21:24 IST" skipped="0">
  <testcase classname="PageObjects_ReusableMethods.Resubmit_On_Add_New_Expense" name="ResubmitOnAddNewExpense" time="84.118"/>
  <system-out/>
</testsuite> <!-- PageObjects_ReusableMethods.Resubmit_On_Add_New_Expense -->
