<?xml version="1.0" encoding="UTF-8"?>
<!-- Generated by org.testng.reporters.JUnitReportReporter -->
<testsuite hostname="Debashis-Laptop" failures="0" tests="1" name="Framework.FirstFrame.Init_driver" time="9.952" errors="0" timestamp="2023-01-20T01:46:36 IST" skipped="0">
  <testcase classname="Framework.FirstFrame.Init_driver" name="startbrowser" time="9.952"/>
  <system-out/>
</testsuite> <!-- Framework.FirstFrame.Init_driver -->
