<?xml version="1.0" encoding="UTF-8"?>
<!-- Generated by org.testng.reporters.JUnitReportReporter -->
<testsuite hostname="Avikdey-Laptop" failures="0" tests="1" name="TestCases.TC_ExpenseSubmissionsPage" time="51.303" errors="0" timestamp="2023-11-23T17:17:49 IST" skipped="0">
  <testcase classname="TestCases.TC_ExpenseSubmissionsPage" name="ExpenseSubmissionsPage" time="51.303"/>
  <system-out/>
</testsuite> <!-- TestCases.TC_ExpenseSubmissionsPage -->
