<?xml version="1.0" encoding="UTF-8"?>
<!-- Generated by org.testng.reporters.JUnitReportReporter -->
<testsuite hostname="Avikdey-Laptop" failures="0" tests="1" name="TestCases.TC_AddExpense_SubsistenceUnvouched_PositiveValue" time="116.138" errors="0" timestamp="2024-05-16T11:33:15 IST" skipped="0">
  <testcase classname="TestCases.TC_AddExpense_SubsistenceUnvouched_PositiveValue" name="AddExpense_SubsistenceUnvouched_PositiveValue" time="116.138"/>
  <system-out/>
</testsuite> <!-- TestCases.TC_AddExpense_SubsistenceUnvouched_PositiveValue -->
