<?xml version="1.0" encoding="UTF-8"?>
<!-- Generated by org.testng.reporters.JUnitReportReporter -->
<testsuite hostname="Avikdey-Laptop" failures="0" tests="1" name="TestCases.TC_AddExpense_TravelVouched_NegativeValue" time="116.683" errors="0" timestamp="2024-05-17T14:03:39 IST" skipped="0">
  <testcase classname="TestCases.TC_AddExpense_TravelVouched_NegativeValue" name="AddExpense_TravelVouched_NegativeValue" time="116.683"/>
  <system-out/>
</testsuite> <!-- TestCases.TC_AddExpense_TravelVouched_NegativeValue -->
