<?xml version="1.0" encoding="UTF-8"?>
<!-- Generated by org.testng.reporters.JUnitReportReporter -->
<testsuite hostname="Avikdey-Laptop" failures="0" tests="1" name="PageObjects_ReusableMethods.AddExpense_EatingOnSite_PositiveValue" time="93.187" errors="0" timestamp="2024-01-08T10:12:59 IST" skipped="0">
  <testcase classname="PageObjects_ReusableMethods.AddExpense_EatingOnSite_PositiveValue" name="AddExpenseEatingOnSitePositiveValue" time="93.187"/>
  <system-out/>
</testsuite> <!-- PageObjects_ReusableMethods.AddExpense_EatingOnSite_PositiveValue -->
