<?xml version="1.0" encoding="UTF-8"?>
<!-- Generated by org.testng.reporters.JUnitReportReporter -->
<testsuite hostname="Avikdey-Laptop" failures="0" tests="1" name="TestCases.TC_001_login" time="12.013" errors="0" timestamp="2023-09-04T11:26:57 IST" skipped="0">
  <testcase classname="TestCases.TC_001_login" name="login" time="12.013"/>
  <system-out/>
</testsuite> <!-- TestCases.TC_001_login -->
