<?xml version="1.0" encoding="UTF-8"?>
<!-- Generated by org.testng.reporters.JUnitReportReporter -->
<testsuite hostname="Avikdey-Laptop" failures="0" tests="1" name="TestCases.TC_AddExpense_SubsistenceUnvouched_ZeroValue" time="118.876" errors="0" timestamp="2024-05-16T12:05:22 IST" skipped="0">
  <testcase classname="TestCases.TC_AddExpense_SubsistenceUnvouched_ZeroValue" name="AddExpense_SubsistenceUnvouched_ZeroValue" time="118.876"/>
  <system-out/>
</testsuite> <!-- TestCases.TC_AddExpense_SubsistenceUnvouched_ZeroValue -->
