<?xml version="1.0" encoding="UTF-8"?>
<!-- Generated by org.testng.reporters.JUnitReportReporter -->
<testsuite hostname="Avikdey-Laptop" failures="0" tests="1" name="TestCases.TC_AddBusinessThroughDDForCompany" time="36.043" errors="0" timestamp="2023-02-02T12:07:18 IST" skipped="0">
  <testcase classname="TestCases.TC_AddBusinessThroughDDForCompany" name="Business_Add" time="36.043"/>
  <system-out/>
</testsuite> <!-- TestCases.TC_AddBusinessThroughDDForCompany -->
