<?xml version="1.0" encoding="UTF-8"?>
<!-- Generated by org.testng.reporters.JUnitReportReporter -->
<testsuite hostname="Debashis-Laptop" failures="0" tests="1" name="Framework.FirstFrame.Business_search" time="28.359" errors="0" timestamp="2023-01-27T18:20:55 IST" skipped="0">
  <testcase classname="Framework.FirstFrame.Business_search" name="search_business" time="28.359"/>
  <system-out/>
</testsuite> <!-- Framework.FirstFrame.Business_search -->
