<?xml version="1.0" encoding="UTF-8"?>
<!-- Generated by org.testng.reporters.JUnitReportReporter -->
<testsuite hostname="Avikdey-Laptop" failures="0" tests="1" name="PageObjects_ReusableMethods.AddExpense_TravelUnvouched_ZeroValue" time="117.656" errors="0" timestamp="2024-05-17T10:44:53 IST" skipped="0">
  <testcase classname="PageObjects_ReusableMethods.AddExpense_TravelUnvouched_ZeroValue" name="AddExpenseTravelUnvouchedZeroValue" time="117.656"/>
  <system-out/>
</testsuite> <!-- PageObjects_ReusableMethods.AddExpense_TravelUnvouched_ZeroValue -->
