<?xml version="1.0" encoding="UTF-8"?>
<!-- Generated by org.testng.reporters.JUnitReportReporter -->
<testsuite hostname="Avikdey-Laptop" failures="0" tests="1" name="TestCases.TC_Add_Edit_Print_Delete_OpeningSupplierInvoice" time="90.344" errors="0" timestamp="2023-08-09T10:49:52 IST" skipped="0">
  <testcase classname="TestCases.TC_Add_Edit_Print_Delete_OpeningSupplierInvoice" name="Add_Edit_Print_Delete_OpeningSupplierInvoice" time="90.344"/>
  <system-out/>
</testsuite> <!-- TestCases.TC_Add_Edit_Print_Delete_OpeningSupplierInvoice -->
