<?xml version="1.0" encoding="UTF-8"?>
<!-- Generated by org.testng.reporters.JUnitReportReporter -->
<testsuite hostname="Avikdey-Laptop" failures="0" tests="1" name="TestCases.TC_EditManualExpenseSubmissionEntry" time="38.299" errors="0" timestamp="2023-11-17T09:14:52 IST" skipped="0">
  <testcase classname="TestCases.TC_EditManualExpenseSubmissionEntry" name="ExpenseSubmissionsPage" time="38.299"/>
  <system-out/>
</testsuite> <!-- TestCases.TC_EditManualExpenseSubmissionEntry -->
