<?xml version="1.0" encoding="UTF-8"?>
<!-- Generated by org.testng.reporters.JUnitReportReporter -->
<testsuite hostname="Avikdey-Laptop" failures="0" tests="1" name="TestCases.TC_AddExpense_TravelUnvouched_NegativeValue" time="116.163" errors="0" timestamp="2024-05-17T11:15:50 IST" skipped="0">
  <testcase classname="TestCases.TC_AddExpense_TravelUnvouched_NegativeValue" name="AddExpense_TravelUnvouched_NegativeValue" time="116.163"/>
  <system-out/>
</testsuite> <!-- TestCases.TC_AddExpense_TravelUnvouched_NegativeValue -->
