<?xml version="1.0" encoding="UTF-8"?>
<!-- Generated by org.testng.reporters.JUnitReportReporter -->
<testsuite hostname="Avikdey-Laptop" failures="0" tests="1" name="TestCases.TC_Add_Edit_Delete_ExpenseAndExpenseSubmission" time="108.673" errors="0" timestamp="2024-02-02T10:15:10 IST" skipped="0">
  <testcase classname="TestCases.TC_Add_Edit_Delete_ExpenseAndExpenseSubmission" name="ExpensesPage" time="108.673"/>
  <system-out/>
</testsuite> <!-- TestCases.TC_Add_Edit_Delete_ExpenseAndExpenseSubmission -->
