<?xml version="1.0" encoding="UTF-8"?>
<!-- Generated by org.testng.reporters.JUnitReportReporter -->
<testsuite hostname="Avikdey-Laptop" failures="0" tests="1" name="TestCases.TC_Edit_OpeningCustomerReceipt" time="36.372" errors="0" timestamp="2023-02-27T17:34:17 IST" skipped="0">
  <testcase classname="TestCases.TC_Edit_OpeningCustomerReceipt" name="Business_Search" time="36.372"/>
  <system-out/>
</testsuite> <!-- TestCases.TC_Edit_OpeningCustomerReceipt -->
