<?xml version="1.0" encoding="UTF-8"?>
<!-- Generated by org.testng.reporters.JUnitReportReporter -->
<testsuite hostname="Avikdey-Laptop" failures="0" tests="1" name="TestCases.TC_BusinessAddThroughDDForPrimarySchool" time="43.994" errors="0" timestamp="2023-02-26T18:58:32 IST" skipped="0">
  <testcase classname="TestCases.TC_BusinessAddThroughDDForPrimarySchool" name="Business_AddThroughDDForPrimarySchool" time="43.994"/>
  <system-out/>
</testsuite> <!-- TestCases.TC_BusinessAddThroughDDForPrimarySchool -->
