<?xml version="1.0" encoding="UTF-8"?>
<!-- Generated by org.testng.reporters.JUnitReportReporter -->
<testsuite hostname="Avikdey-Laptop" failures="0" tests="1" name="TestCases.TC_BusinessAddThroughDDForPharmacy" time="48.157" errors="0" timestamp="2023-02-26T18:57:13 IST" skipped="0">
  <testcase classname="TestCases.TC_BusinessAddThroughDDForPharmacy" name="Business_AddThroughDDForPharmacy" time="48.157"/>
  <system-out/>
</testsuite> <!-- TestCases.TC_BusinessAddThroughDDForPharmacy -->
