<?xml version="1.0" encoding="UTF-8"?>
<!-- Generated by org.testng.reporters.JUnitReportReporter -->
<testsuite hostname="Avikdey-Laptop" failures="0" tests="1" name="PageObjects_ReusableMethods.Settings" time="56.002" errors="0" timestamp="2024-03-07T14:33:19 IST" skipped="0">
  <testcase classname="PageObjects_ReusableMethods.Settings" name="Settings_Method" time="56.002"/>
  <system-out/>
</testsuite> <!-- PageObjects_ReusableMethods.Settings -->
