<?xml version="1.0" encoding="UTF-8"?>
<!-- Generated by org.testng.reporters.JUnitReportReporter -->
<testsuite hostname="Avikdey-Laptop" failures="0" tests="1" name="TestCases.TC_BankFeedInlineMenuOpen" time="37.370" errors="0" timestamp="2023-07-12T12:19:56 IST" skipped="0">
  <testcase classname="TestCases.TC_BankFeedInlineMenuOpen" name="BankFeedInlineMenuOpen" time="37.370"/>
  <system-out/>
</testsuite> <!-- TestCases.TC_BankFeedInlineMenuOpen -->
