<?xml version="1.0" encoding="UTF-8"?>
<!-- Generated by org.testng.reporters.JUnitReportReporter -->
<testsuite hostname="Debasish-Laptop" failures="0" tests="1" name="TestCases.TC_Add_Edit_Delete_ExpenseSubmission" time="85.243" errors="0" timestamp="2024-07-26T16:19:41 IST" skipped="0">
  <testcase classname="TestCases.TC_Add_Edit_Delete_ExpenseSubmission" name="ExpenseSubmissionPage" time="85.243"/>
</testsuite> <!-- TestCases.TC_Add_Edit_Delete_ExpenseSubmission -->
