<?xml version="1.0" encoding="UTF-8"?>
<!-- Generated by org.testng.reporters.JUnitReportReporter -->
<testsuite hostname="Avikdey-Laptop" failures="0" tests="1" name="TestCases.TC_BankFeed_FireTemplate" time="54.938" errors="0" timestamp="2023-04-04T10:18:29 IST" skipped="0">
  <testcase classname="TestCases.TC_BankFeed_FireTemplate" name="Business_Search" time="54.938"/>
  <system-out/>
</testsuite> <!-- TestCases.TC_BankFeed_FireTemplate -->
