<?xml version="1.0" encoding="UTF-8"?>
<!-- Generated by org.testng.reporters.JUnitReportReporter -->
<testsuite hostname="Avikdey-Laptop" failures="0" tests="1" name="PageObjects_ReusableMethods.SubmissionAlertsCheckboxes" time="103.115" errors="0" timestamp="2024-06-13T14:34:01 IST" skipped="0">
  <testcase classname="PageObjects_ReusableMethods.SubmissionAlertsCheckboxes" name="Submission_Alerts_Checkboxes" time="103.115"/>
  <system-out/>
</testsuite> <!-- PageObjects_ReusableMethods.SubmissionAlertsCheckboxes -->
