<?xml version="1.0" encoding="UTF-8"?>
<!-- Generated by org.testng.reporters.JUnitReportReporter -->
<testsuite hostname="Avikdey-Laptop" failures="0" tests="1" name="TestCases.TC_Add_Edit_Delete_OpeningCustomerInvoice" time="115.772" errors="0" timestamp="2023-03-03T11:02:37 IST" skipped="0">
  <testcase classname="TestCases.TC_Add_Edit_Delete_OpeningCustomerInvoice" name="Business_Search" time="115.772"/>
  <system-out/>
</testsuite> <!-- TestCases.TC_Add_Edit_Delete_OpeningCustomerInvoice -->
