<?xml version="1.0" encoding="UTF-8"?>
<!-- Generated by org.testng.reporters.JUnitReportReporter -->
<testsuite hostname="Avikdey-Laptop" failures="0" tests="1" name="TestCases.TC_BusinessAddThroughDDForPartnership" time="46.963" errors="0" timestamp="2023-02-26T18:55:53 IST" skipped="0">
  <testcase classname="TestCases.TC_BusinessAddThroughDDForPartnership" name="Business_AddThroughDDForPartnership" time="46.963"/>
  <system-out/>
</testsuite> <!-- TestCases.TC_BusinessAddThroughDDForPartnership -->
