<?xml version="1.0" encoding="UTF-8"?>
<!-- Generated by org.testng.reporters.JUnitReportReporter -->
<testsuite hostname="Avikdey-Laptop" failures="0" tests="1" name="TestCases.TC_BankFeedInlineMenuDelete" time="34.239" errors="0" timestamp="2023-07-12T12:22:01 IST" skipped="0">
  <testcase classname="TestCases.TC_BankFeedInlineMenuDelete" name="BankFeedInlineMenuDeletee" time="34.239"/>
  <system-out/>
</testsuite> <!-- TestCases.TC_BankFeedInlineMenuDelete -->
