<?xml version="1.0" encoding="UTF-8"?>
<!-- Generated by org.testng.reporters.JUnitReportReporter -->
<testsuite hostname="Avikdey-Laptop" failures="0" tests="1" name="TestCases.TC_ExpenseSubmissionGridPagination" time="44.064" errors="0" timestamp="2023-11-17T09:13:26 IST" skipped="0">
  <testcase classname="TestCases.TC_ExpenseSubmissionGridPagination" name="ExpenseSubmissionsPage" time="44.064"/>
  <system-out/>
</testsuite> <!-- TestCases.TC_ExpenseSubmissionGridPagination -->
