<?xml version="1.0" encoding="UTF-8"?>
<!-- Generated by org.testng.reporters.JUnitReportReporter -->
<testsuite hostname="Avikdey-Laptop" failures="0" tests="1" name="TestCases.TC_AddExpense_RMT_ZeroValue" time="133.428" errors="0" timestamp="2024-05-15T11:28:30 IST" skipped="0">
  <testcase classname="TestCases.TC_AddExpense_RMT_ZeroValue" name="AddExpense_RemoteWorkingDailyAllowance_ZeroValue" time="133.428"/>
  <system-out/>
</testsuite> <!-- TestCases.TC_AddExpense_RMT_ZeroValue -->
