<?xml version="1.0" encoding="UTF-8"?>
<!-- Generated by org.testng.reporters.JUnitReportReporter -->
<testsuite hostname="Avikdey-Laptop" failures="0" tests="1" name="TestCases.TC_AddExpense_TravelUnvouched_PositiveValue" time="113.926" errors="0" timestamp="2024-05-17T11:18:11 IST" skipped="0">
  <testcase classname="TestCases.TC_AddExpense_TravelUnvouched_PositiveValue" name="AddExpense_TravelUnvouched_PositiveValue" time="113.926"/>
  <system-out/>
</testsuite> <!-- TestCases.TC_AddExpense_TravelUnvouched_PositiveValue -->
