<?xml version="1.0" encoding="UTF-8"?>
<!-- Generated by org.testng.reporters.JUnitReportReporter -->
<testsuite hostname="Debashis-Laptop" failures="0" tests="1" name="TestCases.TC002_BusinessSearch" time="11.826" errors="0" timestamp="2023-01-29T03:54:47 IST" skipped="0">
  <testcase classname="TestCases.TC002_BusinessSearch" name="login" time="11.826"/>
  <system-out/>
</testsuite> <!-- TestCases.TC002_BusinessSearch -->
