<?xml version="1.0" encoding="UTF-8"?>
<!-- Generated by org.testng.reporters.JUnitReportReporter -->
<testsuite hostname="Avikdey-Laptop" failures="0" tests="1" name="TestCases.TC_AddExpense_SiteBasedEmployees_ZeroValue" time="116.959" errors="0" timestamp="2024-05-15T15:27:50 IST" skipped="0">
  <testcase classname="TestCases.TC_AddExpense_SiteBasedEmployees_ZeroValue" name="AddExpense_SiteBasedEmployees_ZeroValue" time="116.959"/>
  <system-out/>
</testsuite> <!-- TestCases.TC_AddExpense_SiteBasedEmployees_ZeroValue -->
