<?xml version="1.0" encoding="UTF-8"?>
<!-- Generated by org.testng.reporters.JUnitReportReporter -->
<testsuite hostname="Avikdey-Laptop" failures="0" tests="1" name="PageObjects_ReusableMethods.AddExpense_EatingOnSite_NegativeValue" time="116.512" errors="0" timestamp="2024-04-26T15:24:14 IST" skipped="0">
  <testcase classname="PageObjects_ReusableMethods.AddExpense_EatingOnSite_NegativeValue" name="AddExpenseEatingOnSiteNegativeValue" time="116.512"/>
  <system-out/>
</testsuite> <!-- PageObjects_ReusableMethods.AddExpense_EatingOnSite_NegativeValue -->
